<?xml version="1.0" encoding="UTF-8" ?>
<testsuite failures="0" time="0.268" errors="0" skipped="0" tests="10" name="com.google.devrel.training.conference.spi.ConferenceApiGlobalQueryTest">
  <properties>
[...]
</properties>
  <testcase time="0.05" classname="com.google.devrel.training.conference.spi.ConferenceApiGlobalQueryTest" name="testEmptyQuery"/>
  <testcase time="0.047" classname="com.google.devrel.training.conference.spi.ConferenceApiGlobalQueryTest" name="testCityQuery"/>
  <testcase time="0.031" classname="com.google.devrel.training.conference.spi.ConferenceApiGlobalQueryTest" name="testMaxAttendeesGT"/>
  <testcase time="0.015" classname="com.google.devrel.training.conference.spi.ConferenceApiGlobalQueryTest" name="testMaxAttendeesLT"/>
  <testcase time="0.032" classname="com.google.devrel.training.conference.spi.ConferenceApiGlobalQueryTest" name="testMaxAttendeesNE"/>
  <testcase time="0.015" classname="com.google.devrel.training.conference.spi.ConferenceApiGlobalQueryTest" name="testTopicsQuery"/>
  <testcase time="0.016" classname="com.google.devrel.training.conference.spi.ConferenceApiGlobalQueryTest" name="testMultipleInequalityFilter"/>
  <testcase time="0.016" classname="com.google.devrel.training.conference.spi.ConferenceApiGlobalQueryTest" name="testComplexQuery"/>
  <testcase time="0.031" classname="com.google.devrel.training.conference.spi.ConferenceApiGlobalQueryTest" name="testMaxAttendeesGTEQ"/>
  <testcase time="0.015" classname="com.google.devrel.training.conference.spi.ConferenceApiGlobalQueryTest" name="testMaxAttendeesLTEQ"/>
</testsuite>