<?xml version="1.0" encoding="UTF-8" ?>
<testsuite failures="0" time="0.342" errors="0" skipped="0" tests="10" name="com.google.devrel.training.conference.spi.ConferenceApiGlobalQueryTest">
  <properties>
[...]
</properties>
  <testcase time="0.085" classname="com.google.devrel.training.conference.spi.ConferenceApiGlobalQueryTest" name="testEmptyQuery"/>
  <testcase time="0.048" classname="com.google.devrel.training.conference.spi.ConferenceApiGlobalQueryTest" name="testCityQuery"/>
  <testcase time="0.021" classname="com.google.devrel.training.conference.spi.ConferenceApiGlobalQueryTest" name="testMaxAttendeesGT"/>
  <testcase time="0.025" classname="com.google.devrel.training.conference.spi.ConferenceApiGlobalQueryTest" name="testMaxAttendeesLT"/>
  <testcase time="0.041" classname="com.google.devrel.training.conference.spi.ConferenceApiGlobalQueryTest" name="testMaxAttendeesNE"/>
  <testcase time="0.021" classname="com.google.devrel.training.conference.spi.ConferenceApiGlobalQueryTest" name="testTopicsQuery"/>
  <testcase time="0.012" classname="com.google.devrel.training.conference.spi.ConferenceApiGlobalQueryTest" name="testMultipleInequalityFilter"/>
  <testcase time="0.02" classname="com.google.devrel.training.conference.spi.ConferenceApiGlobalQueryTest" name="testComplexQuery"/>
  <testcase time="0.045" classname="com.google.devrel.training.conference.spi.ConferenceApiGlobalQueryTest" name="testMaxAttendeesGTEQ"/>
  <testcase time="0.024" classname="com.google.devrel.training.conference.spi.ConferenceApiGlobalQueryTest" name="testMaxAttendeesLTEQ"/>
</testsuite>